\BOOKMARK [0][-]{chapter.1}{\376\377\0001\000\040\000D\000a\000t\000a\000\040\000S\000t\000r\000u\000c\000t\000u\000r\000e\000\040\000I\000n\000d\000e\000x}{}% 1
\BOOKMARK [1][-]{section.1.1}{\376\377\0001\000.\0001\000\040\000D\000a\000t\000a\000\040\000S\000t\000r\000u\000c\000t\000u\000r\000e\000s}{chapter.1}% 2
\BOOKMARK [0][-]{chapter.2}{\376\377\0002\000\040\000F\000i\000l\000e\000\040\000I\000n\000d\000e\000x}{}% 3
\BOOKMARK [1][-]{section.2.1}{\376\377\0002\000.\0001\000\040\000F\000i\000l\000e\000\040\000L\000i\000s\000t}{chapter.2}% 4
\BOOKMARK [0][-]{chapter.3}{\376\377\0003\000\040\000D\000a\000t\000a\000\040\000S\000t\000r\000u\000c\000t\000u\000r\000e\000\040\000D\000o\000c\000u\000m\000e\000n\000t\000a\000t\000i\000o\000n}{}% 5
\BOOKMARK [1][-]{section.3.1}{\376\377\0003\000.\0001\000\040\000c\000o\000m\000p\000l\000e\000t\000i\000o\000n\000\137\000q\000u\000e\000u\000e\000\137\000d\000e\000s\000c\000r\000i\000p\000t\000o\000r\000\040\000S\000t\000r\000u\000c\000t\000\040\000R\000e\000f\000e\000r\000e\000n\000c\000e}{chapter.3}% 6
\BOOKMARK [2][-]{subsection.3.1.1}{\376\377\0003\000.\0001\000.\0001\000\040\000D\000e\000t\000a\000i\000l\000e\000d\000\040\000D\000e\000s\000c\000r\000i\000p\000t\000i\000o\000n}{section.3.1}% 7
\BOOKMARK [2][-]{subsection.3.1.2}{\376\377\0003\000.\0001\000.\0002\000\040\000F\000i\000e\000l\000d\000\040\000D\000o\000c\000u\000m\000e\000n\000t\000a\000t\000i\000o\000n}{section.3.1}% 8
\BOOKMARK [3][-]{subsubsection.3.1.2.1}{\376\377\0003\000.\0001\000.\0002\000.\0001\000\040\000c\000o\000m\000p\000l\000e\000t\000i\000o\000n\000\137\000q\000u\000e\000u\000e}{subsection.3.1.2}% 9
\BOOKMARK [3][-]{subsubsection.3.1.2.2}{\376\377\0003\000.\0001\000.\0002\000.\0002\000\040\000h\000l\000i\000s\000t}{subsection.3.1.2}% 10
\BOOKMARK [3][-]{subsubsection.3.1.2.3}{\376\377\0003\000.\0001\000.\0002\000.\0003\000\040\000i\000d}{subsection.3.1.2}% 11
\BOOKMARK [3][-]{subsubsection.3.1.2.4}{\376\377\0003\000.\0001\000.\0002\000.\0004\000\040\000u\000s\000e\000d\000\137\000b\000y\000\137\000c\000o\000u\000t\000e\000r}{subsection.3.1.2}% 12
\BOOKMARK [1][-]{section.3.2}{\376\377\0003\000.\0002\000\040\000c\000q\000\137\000p\000r\000o\000c\000\040\000S\000t\000r\000u\000c\000t\000\040\000R\000e\000f\000e\000r\000e\000n\000c\000e}{chapter.3}% 13
\BOOKMARK [2][-]{subsection.3.2.1}{\376\377\0003\000.\0002\000.\0001\000\040\000D\000e\000t\000a\000i\000l\000e\000d\000\040\000D\000e\000s\000c\000r\000i\000p\000t\000i\000o\000n}{section.3.2}% 14
\BOOKMARK [2][-]{subsection.3.2.2}{\376\377\0003\000.\0002\000.\0002\000\040\000F\000i\000e\000l\000d\000\040\000D\000o\000c\000u\000m\000e\000n\000t\000a\000t\000i\000o\000n}{section.3.2}% 15
\BOOKMARK [3][-]{subsubsection.3.2.2.1}{\376\377\0003\000.\0002\000.\0002\000.\0001\000\040\000c\000q\000\137\000i\000d}{subsection.3.2.2}% 16
\BOOKMARK [3][-]{subsubsection.3.2.2.2}{\376\377\0003\000.\0002\000.\0002\000.\0002\000\040\000d\000i\000r\000\137\000e\000n\000t\000r\000y}{subsection.3.2.2}% 17
\BOOKMARK [3][-]{subsubsection.3.2.2.3}{\376\377\0003\000.\0002\000.\0002\000.\0003\000\040\000h\000l\000i\000s\000t}{subsection.3.2.2}% 18
\BOOKMARK [3][-]{subsubsection.3.2.2.4}{\376\377\0003\000.\0002\000.\0002\000.\0004\000\040\000l\000i\000n\000k\000\137\000t\000o}{subsection.3.2.2}% 19
\BOOKMARK [3][-]{subsubsection.3.2.2.5}{\376\377\0003\000.\0002\000.\0002\000.\0005\000\040\000n\000a\000m\000e\000\137\000d\000i\000r}{subsection.3.2.2}% 20
\BOOKMARK [3][-]{subsubsection.3.2.2.6}{\376\377\0003\000.\0002\000.\0002\000.\0006\000\040\000p\000a\000t\000h}{subsection.3.2.2}% 21
\BOOKMARK [1][-]{section.3.3}{\376\377\0003\000.\0003\000\040\000o\000w\000n\000e\000r\000\137\000p\000r\000o\000c\000\040\000S\000t\000r\000u\000c\000t\000\040\000R\000e\000f\000e\000r\000e\000n\000c\000e}{chapter.3}% 22
\BOOKMARK [2][-]{subsection.3.3.1}{\376\377\0003\000.\0003\000.\0001\000\040\000D\000e\000t\000a\000i\000l\000e\000d\000\040\000D\000e\000s\000c\000r\000i\000p\000t\000i\000o\000n}{section.3.3}% 23
\BOOKMARK [2][-]{subsection.3.3.2}{\376\377\0003\000.\0003\000.\0002\000\040\000F\000i\000e\000l\000d\000\040\000D\000o\000c\000u\000m\000e\000n\000t\000a\000t\000i\000o\000n}{section.3.3}% 24
\BOOKMARK [3][-]{subsubsection.3.3.2.1}{\376\377\0003\000.\0003\000.\0002\000.\0001\000\040\000d\000i\000r\000\137\000e\000n\000t\000r\000y}{subsection.3.3.2}% 25
\BOOKMARK [3][-]{subsubsection.3.3.2.2}{\376\377\0003\000.\0003\000.\0002\000.\0002\000\040\000h\000l\000i\000s\000t}{subsection.3.3.2}% 26
\BOOKMARK [3][-]{subsubsection.3.3.2.3}{\376\377\0003\000.\0003\000.\0002\000.\0003\000\040\000n\000a\000m\000e\000\137\000d\000i\000r}{subsection.3.3.2}% 27
\BOOKMARK [3][-]{subsubsection.3.3.2.4}{\376\377\0003\000.\0003\000.\0002\000.\0004\000\040\000p\000i\000d}{subsection.3.3.2}% 28
\BOOKMARK [3][-]{subsubsection.3.3.2.5}{\376\377\0003\000.\0003\000.\0002\000.\0005\000\040\000s\000c\000h\000e\000d\000\137\000e\000n\000t\000r\000y}{subsection.3.3.2}% 29
\BOOKMARK [1][-]{section.3.4}{\376\377\0003\000.\0004\000\040\000u\000m\000s\000\137\000c\000q\000\137\000p\000a\000r\000a\000m\000\040\000S\000t\000r\000u\000c\000t\000\040\000R\000e\000f\000e\000r\000e\000n\000c\000e}{chapter.3}% 30
\BOOKMARK [2][-]{subsection.3.4.1}{\376\377\0003\000.\0004\000.\0001\000\040\000F\000i\000e\000l\000d\000\040\000D\000o\000c\000u\000m\000e\000n\000t\000a\000t\000i\000o\000n}{section.3.4}% 31
\BOOKMARK [3][-]{subsubsection.3.4.1.1}{\376\377\0003\000.\0004\000.\0001\000.\0001\000\040\000c\000o\000m\000p\000l\000e\000t\000i\000o\000n\000\137\000q\000u\000e\000u\000e\000\137\000i\000d}{subsection.3.4.1}% 32
\BOOKMARK [3][-]{subsubsection.3.4.1.2}{\376\377\0003\000.\0004\000.\0001\000.\0002\000\040\000p\000i\000d\000s}{subsection.3.4.1}% 33
\BOOKMARK [1][-]{section.3.5}{\376\377\0003\000.\0005\000\040\000u\000m\000s\000\137\000k\000m\000\137\000p\000a\000r\000a\000m\000\040\000S\000t\000r\000u\000c\000t\000\040\000R\000e\000f\000e\000r\000e\000n\000c\000e}{chapter.3}% 34
\BOOKMARK [2][-]{subsection.3.5.1}{\376\377\0003\000.\0005\000.\0001\000\040\000F\000i\000e\000l\000d\000\040\000D\000o\000c\000u\000m\000e\000n\000t\000a\000t\000i\000o\000n}{section.3.5}% 35
\BOOKMARK [3][-]{subsubsection.3.5.1.1}{\376\377\0003\000.\0005\000.\0001\000.\0001\000\040\000c\000q\000\137\000i\000d}{subsection.3.5.1}% 36
\BOOKMARK [3][-]{subsubsection.3.5.1.2}{\376\377\0003\000.\0005\000.\0001\000.\0002\000\040\000o\000w\000n\000e\000r\000\137\000p\000i\000d}{subsection.3.5.1}% 37
\BOOKMARK [1][-]{section.3.6}{\376\377\0003\000.\0006\000\040\000u\000m\000s\000\137\000p\000r\000o\000c\000\040\000S\000t\000r\000u\000c\000t\000\040\000R\000e\000f\000e\000r\000e\000n\000c\000e}{chapter.3}% 38
\BOOKMARK [2][-]{subsection.3.6.1}{\376\377\0003\000.\0006\000.\0001\000\040\000D\000e\000t\000a\000i\000l\000e\000d\000\040\000D\000e\000s\000c\000r\000i\000p\000t\000i\000o\000n}{section.3.6}% 39
\BOOKMARK [2][-]{subsection.3.6.2}{\376\377\0003\000.\0006\000.\0002\000\040\000F\000i\000e\000l\000d\000\040\000D\000o\000c\000u\000m\000e\000n\000t\000a\000t\000i\000o\000n}{section.3.6}% 40
\BOOKMARK [3][-]{subsubsection.3.6.2.1}{\376\377\0003\000.\0006\000.\0002\000.\0001\000\040\000c\000q\000\137\000i\000d}{subsection.3.6.2}% 41
\BOOKMARK [3][-]{subsubsection.3.6.2.2}{\376\377\0003\000.\0006\000.\0002\000.\0002\000\040\000d\000i\000r\000\137\000e\000n\000t\000r\000y}{subsection.3.6.2}% 42
\BOOKMARK [3][-]{subsubsection.3.6.2.3}{\376\377\0003\000.\0006\000.\0002\000.\0003\000\040\000h\000l\000i\000s\000t}{subsection.3.6.2}% 43
\BOOKMARK [3][-]{subsubsection.3.6.2.4}{\376\377\0003\000.\0006\000.\0002\000.\0004\000\040\000i\000n\000f\000o\000\137\000e\000n\000t\000r\000y}{subsection.3.6.2}% 44
\BOOKMARK [3][-]{subsubsection.3.6.2.5}{\376\377\0003\000.\0006\000.\0002\000.\0005\000\040\000l\000i\000n\000k\000\137\000t\000o}{subsection.3.6.2}% 45
\BOOKMARK [3][-]{subsubsection.3.6.2.6}{\376\377\0003\000.\0006\000.\0002\000.\0006\000\040\000n\000a\000m\000e\000\137\000d\000i\000r}{subsection.3.6.2}% 46
\BOOKMARK [3][-]{subsubsection.3.6.2.7}{\376\377\0003\000.\0006\000.\0002\000.\0007\000\040\000p\000a\000t\000h}{subsection.3.6.2}% 47
\BOOKMARK [3][-]{subsubsection.3.6.2.8}{\376\377\0003\000.\0006\000.\0002\000.\0008\000\040\000p\000i\000d}{subsection.3.6.2}% 48
\BOOKMARK [3][-]{subsubsection.3.6.2.9}{\376\377\0003\000.\0006\000.\0002\000.\0009\000\040\000p\000i\000d\000\137\000o\000w\000n\000e\000r}{subsection.3.6.2}% 49
\BOOKMARK [1][-]{section.3.7}{\376\377\0003\000.\0007\000\040\000u\000m\000s\000\137\000s\000c\000h\000e\000d\000u\000l\000e\000r\000\040\000S\000t\000r\000u\000c\000t\000\040\000R\000e\000f\000e\000r\000e\000n\000c\000e}{chapter.3}% 50
\BOOKMARK [2][-]{subsection.3.7.1}{\376\377\0003\000.\0007\000.\0001\000\040\000D\000e\000t\000a\000i\000l\000e\000d\000\040\000D\000e\000s\000c\000r\000i\000p\000t\000i\000o\000n}{section.3.7}% 51
\BOOKMARK [2][-]{subsection.3.7.2}{\376\377\0003\000.\0007\000.\0002\000\040\000F\000i\000e\000l\000d\000\040\000D\000o\000c\000u\000m\000e\000n\000t\000a\000t\000i\000o\000n}{section.3.7}% 52
\BOOKMARK [3][-]{subsubsection.3.7.2.1}{\376\377\0003\000.\0007\000.\0002\000.\0001\000\040\000c\000q\000\137\000l\000i\000s\000t}{subsection.3.7.2}% 53
\BOOKMARK [3][-]{subsubsection.3.7.2.2}{\376\377\0003\000.\0007\000.\0002\000.\0002\000\040\000h\000l\000i\000s\000t}{subsection.3.7.2}% 54
\BOOKMARK [3][-]{subsubsection.3.7.2.3}{\376\377\0003\000.\0007\000.\0002\000.\0003\000\040\000l\000a\000s\000t\000\137\000w\000k\000t\000\137\000r\000u\000n\000t\000i\000m\000e}{subsection.3.7.2}% 55
\BOOKMARK [3][-]{subsubsection.3.7.2.4}{\376\377\0003\000.\0007\000.\0002\000.\0004\000\040\000l\000i\000s\000t}{subsection.3.7.2}% 56
\BOOKMARK [3][-]{subsubsection.3.7.2.5}{\376\377\0003\000.\0007\000.\0002\000.\0005\000\040\000o\000w\000n\000e\000r\000\137\000p\000i\000d}{subsection.3.7.2}% 57
\BOOKMARK [3][-]{subsubsection.3.7.2.6}{\376\377\0003\000.\0007\000.\0002\000.\0006\000\040\000p\000i\000d}{subsection.3.7.2}% 58
\BOOKMARK [3][-]{subsubsection.3.7.2.7}{\376\377\0003\000.\0007\000.\0002\000.\0007\000\040\000p\000i\000d\000\137\000w\000k\000t\000\137\000s\000c\000h\000e\000d}{subsection.3.7.2}% 59
\BOOKMARK [3][-]{subsubsection.3.7.2.8}{\376\377\0003\000.\0007\000.\0002\000.\0008\000\040\000s\000a\000v\000e\000d\000\137\000f\000p\000u\000\137\000r\000e\000g\000s}{subsection.3.7.2}% 60
\BOOKMARK [3][-]{subsubsection.3.7.2.9}{\376\377\0003\000.\0007\000.\0002\000.\0009\000\040\000s\000a\000v\000e\000d\000\137\000p\000t\000\137\000r\000e\000g\000s}{subsection.3.7.2}% 61
\BOOKMARK [3][-]{subsubsection.3.7.2.10}{\376\377\0003\000.\0007\000.\0002\000.\0001\0000\000\040\000s\000t\000a\000t\000e}{subsection.3.7.2}% 62
\BOOKMARK [3][-]{subsubsection.3.7.2.11}{\376\377\0003\000.\0007\000.\0002\000.\0001\0001\000\040\000t\000a\000s\000k\000\137\000s\000t\000r\000u\000c\000t}{subsection.3.7.2}% 63
\BOOKMARK [3][-]{subsubsection.3.7.2.12}{\376\377\0003\000.\0007\000.\0002\000.\0001\0002\000\040\000t\000o\000t\000a\000l\000\137\000s\000w\000i\000t\000c\000h}{subsection.3.7.2}% 64
\BOOKMARK [3][-]{subsubsection.3.7.2.13}{\376\377\0003\000.\0007\000.\0002\000.\0001\0003\000\040\000u\000m\000s\000\137\000c\000q\000\137\000i\000d}{subsection.3.7.2}% 65
\BOOKMARK [3][-]{subsubsection.3.7.2.14}{\376\377\0003\000.\0007\000.\0002\000.\0001\0004\000\040\000w\000k\000t\000\137\000s\000c\000h\000e\000d\000\137\000s\000t\000r\000u\000c\000t}{subsection.3.7.2}% 66
\BOOKMARK [1][-]{section.3.8}{\376\377\0003\000.\0008\000\040\000w\000o\000r\000k\000e\000r\000\137\000p\000r\000o\000c\000\040\000S\000t\000r\000u\000c\000t\000\040\000R\000e\000f\000e\000r\000e\000n\000c\000e}{chapter.3}% 67
\BOOKMARK [2][-]{subsection.3.8.1}{\376\377\0003\000.\0008\000.\0001\000\040\000D\000e\000t\000a\000i\000l\000e\000d\000\040\000D\000e\000s\000c\000r\000i\000p\000t\000i\000o\000n}{section.3.8}% 68
\BOOKMARK [2][-]{subsection.3.8.2}{\376\377\0003\000.\0008\000.\0002\000\040\000F\000i\000e\000l\000d\000\040\000D\000o\000c\000u\000m\000e\000n\000t\000a\000t\000i\000o\000n}{section.3.8}% 69
\BOOKMARK [3][-]{subsubsection.3.8.2.1}{\376\377\0003\000.\0008\000.\0002\000.\0001\000\040\000d\000i\000r\000\137\000e\000n\000t\000r\000y}{subsection.3.8.2}% 70
\BOOKMARK [3][-]{subsubsection.3.8.2.2}{\376\377\0003\000.\0008\000.\0002\000.\0002\000\040\000h\000l\000i\000s\000t}{subsection.3.8.2}% 71
\BOOKMARK [3][-]{subsubsection.3.8.2.3}{\376\377\0003\000.\0008\000.\0002\000.\0003\000\040\000i\000n\000f\000o\000\137\000e\000n\000t\000r\000y}{subsection.3.8.2}% 72
\BOOKMARK [3][-]{subsubsection.3.8.2.4}{\376\377\0003\000.\0008\000.\0002\000.\0004\000\040\000l\000i\000n\000k\000\137\000t\000o}{subsection.3.8.2}% 73
\BOOKMARK [3][-]{subsubsection.3.8.2.5}{\376\377\0003\000.\0008\000.\0002\000.\0005\000\040\000n\000a\000m\000e\000\137\000d\000i\000r}{subsection.3.8.2}% 74
\BOOKMARK [3][-]{subsubsection.3.8.2.6}{\376\377\0003\000.\0008\000.\0002\000.\0006\000\040\000p\000a\000t\000h}{subsection.3.8.2}% 75
\BOOKMARK [3][-]{subsubsection.3.8.2.7}{\376\377\0003\000.\0008\000.\0002\000.\0007\000\040\000p\000i\000d}{subsection.3.8.2}% 76
\BOOKMARK [1][-]{section.3.9}{\376\377\0003\000.\0009\000\040\000w\000o\000r\000k\000e\000r\000\137\000t\000h\000r\000e\000a\000d\000\040\000S\000t\000r\000u\000c\000t\000\040\000R\000e\000f\000e\000r\000e\000n\000c\000e}{chapter.3}% 77
\BOOKMARK [2][-]{subsection.3.9.1}{\376\377\0003\000.\0009\000.\0001\000\040\000D\000e\000t\000a\000i\000l\000e\000d\000\040\000D\000e\000s\000c\000r\000i\000p\000t\000i\000o\000n}{section.3.9}% 78
\BOOKMARK [2][-]{subsection.3.9.2}{\376\377\0003\000.\0009\000.\0002\000\040\000F\000i\000e\000l\000d\000\040\000D\000o\000c\000u\000m\000e\000n\000t\000a\000t\000i\000o\000n}{section.3.9}% 79
\BOOKMARK [3][-]{subsubsection.3.9.2.1}{\376\377\0003\000.\0009\000.\0002\000.\0001\000\040\000h\000l\000i\000s\000t}{subsection.3.9.2}% 80
\BOOKMARK [3][-]{subsubsection.3.9.2.2}{\376\377\0003\000.\0009\000.\0002\000.\0002\000\040\000l\000i\000s\000t}{subsection.3.9.2}% 81
\BOOKMARK [3][-]{subsubsection.3.9.2.3}{\376\377\0003\000.\0009\000.\0002\000.\0003\000\040\000p\000i\000d}{subsection.3.9.2}% 82
\BOOKMARK [3][-]{subsubsection.3.9.2.4}{\376\377\0003\000.\0009\000.\0002\000.\0004\000\040\000s\000a\000v\000e\000d\000\137\000f\000p\000u\000\137\000r\000e\000g\000s}{subsection.3.9.2}% 83
\BOOKMARK [3][-]{subsubsection.3.9.2.5}{\376\377\0003\000.\0009\000.\0002\000.\0005\000\040\000s\000a\000v\000e\000d\000\137\000p\000t\000\137\000r\000e\000g\000s}{subsection.3.9.2}% 84
\BOOKMARK [3][-]{subsubsection.3.9.2.6}{\376\377\0003\000.\0009\000.\0002\000.\0006\000\040\000s\000c\000h\000e\000d\000u\000l\000e\000d\000\137\000b\000y}{subsection.3.9.2}% 85
\BOOKMARK [3][-]{subsubsection.3.9.2.7}{\376\377\0003\000.\0009\000.\0002\000.\0007\000\040\000s\000t\000a\000t\000e}{subsection.3.9.2}% 86
\BOOKMARK [3][-]{subsubsection.3.9.2.8}{\376\377\0003\000.\0009\000.\0002\000.\0008\000\040\000t\000a\000s\000k\000\137\000s\000t\000r\000u\000c\000t}{subsection.3.9.2}% 87
\BOOKMARK [3][-]{subsubsection.3.9.2.9}{\376\377\0003\000.\0009\000.\0002\000.\0009\000\040\000t\000i\000m\000e\000\137\000a\000t\000\137\000s\000w\000i\000t\000c\000h}{subsection.3.9.2}% 88
\BOOKMARK [2][-]{subsection.3.9.3}{\376\377\0003\000.\0009\000.\0003\000\040\000o\000f\000\040\000s\000w\000i\000t\000c\000h\000\040\000t\000h\000a\000t\000\040\000t\000h\000i\000s\000\040\000w\000o\000r\000k\000\040\000t\000h\000r\000e\000a\000d\000\040\000c\000a\000u\000s\000e\000d}{section.3.9}% 89
\BOOKMARK [3][-]{subsubsection.3.9.3.1}{\376\377\0003\000.\0009\000.\0003\000.\0001\000\040\000t\000o\000t\000a\000l\000\137\000r\000u\000n\000t\000i\000m\000e}{subsection.3.9.3}% 90
\BOOKMARK [3][-]{subsubsection.3.9.3.2}{\376\377\0003\000.\0009\000.\0003\000.\0002\000\040\000t\000o\000t\000a\000l\000\137\000s\000w\000i\000t\000c\000h}{subsection.3.9.3}% 91
\BOOKMARK [2][-]{subsection.3.9.4}{\376\377\0003\000.\0009\000.\0004\000\040\000o\000f\000\040\000s\000w\000i\000t\000c\000h\000\040\000t\000h\000a\000t\000\040\000t\000h\000i\000s\000\040\000w\000o\000r\000k\000\040\000t\000h\000r\000e\000a\000d\000\040\000c\000a\000u\000s\000e\000d}{section.3.9}% 92
\BOOKMARK [0][-]{chapter.4}{\376\377\0004\000\040\000F\000i\000l\000e\000\040\000D\000o\000c\000u\000m\000e\000n\000t\000a\000t\000i\000o\000n}{}% 93
\BOOKMARK [1][-]{section.4.1}{\376\377\0004\000.\0001\000\040\000d\000e\000v\000i\000c\000e\000.\000c\000\040\000F\000i\000l\000e\000\040\000R\000e\000f\000e\000r\000e\000n\000c\000e}{chapter.4}% 94
\BOOKMARK [2][-]{subsection.4.1.1}{\376\377\0004\000.\0001\000.\0001\000\040\000D\000e\000t\000a\000i\000l\000e\000d\000\040\000D\000e\000s\000c\000r\000i\000p\000t\000i\000o\000n}{section.4.1}% 95
\BOOKMARK [2][-]{subsection.4.1.2}{\376\377\0004\000.\0001\000.\0002\000\040\000F\000u\000n\000c\000t\000i\000o\000n\000\040\000D\000o\000c\000u\000m\000e\000n\000t\000a\000t\000i\000o\000n}{section.4.1}% 96
\BOOKMARK [3][-]{subsubsection.4.1.2.1}{\376\377\0004\000.\0001\000.\0002\000.\0001\000\040\000t\000r\000y\000\137\000s\000t\000a\000r\000t\000\137\000d\000e\000v\000i\000c\000e\000\050\000\051}{subsection.4.1.2}% 97
\BOOKMARK [2][-]{subsection.4.1.3}{\376\377\0004\000.\0001\000.\0003\000\040\000V\000a\000r\000i\000a\000b\000l\000e\000\040\000D\000o\000c\000u\000m\000e\000n\000t\000a\000t\000i\000o\000n}{section.4.1}% 98
\BOOKMARK [3][-]{subsubsection.4.1.3.1}{\376\377\0004\000.\0001\000.\0003\000.\0001\000\040\000c\000m\000d\000s}{subsection.4.1.3}% 99
\BOOKMARK [1][-]{section.4.2}{\376\377\0004\000.\0002\000\040\000d\000e\000v\000i\000c\000e\000.\000h\000\040\000F\000i\000l\000e\000\040\000R\000e\000f\000e\000r\000e\000n\000c\000e}{chapter.4}% 100
\BOOKMARK [2][-]{subsection.4.2.1}{\376\377\0004\000.\0002\000.\0001\000\040\000D\000e\000t\000a\000i\000l\000e\000d\000\040\000D\000e\000s\000c\000r\000i\000p\000t\000i\000o\000n}{section.4.2}% 101
\BOOKMARK [2][-]{subsection.4.2.2}{\376\377\0004\000.\0002\000.\0002\000\040\000F\000u\000n\000c\000t\000i\000o\000n\000\040\000D\000o\000c\000u\000m\000e\000n\000t\000a\000t\000i\000o\000n}{section.4.2}% 102
\BOOKMARK [3][-]{subsubsection.4.2.2.1}{\376\377\0004\000.\0002\000.\0002\000.\0001\000\040\000t\000r\000y\000\137\000s\000t\000a\000r\000t\000\137\000d\000e\000v\000i\000c\000e\000\050\000\051}{subsection.4.2.2}% 103
\BOOKMARK [1][-]{section.4.3}{\376\377\0004\000.\0003\000\040\000d\000e\000v\000i\000c\000e\000.\000h}{chapter.4}% 104
\BOOKMARK [1][-]{section.4.4}{\376\377\0004\000.\0004\000\040\000m\000o\000d\000u\000l\000e\000.\000c\000\040\000F\000i\000l\000e\000\040\000R\000e\000f\000e\000r\000e\000n\000c\000e}{chapter.4}% 105
\BOOKMARK [2][-]{subsection.4.4.1}{\376\377\0004\000.\0004\000.\0001\000\040\000D\000e\000t\000a\000i\000l\000e\000d\000\040\000D\000e\000s\000c\000r\000i\000p\000t\000i\000o\000n}{section.4.4}% 106
\BOOKMARK [1][-]{section.4.5}{\376\377\0004\000.\0005\000\040\000m\000o\000d\000u\000l\000e\000.\000h\000\040\000F\000i\000l\000e\000\040\000R\000e\000f\000e\000r\000e\000n\000c\000e}{chapter.4}% 107
\BOOKMARK [2][-]{subsection.4.5.1}{\376\377\0004\000.\0005\000.\0001\000\040\000D\000e\000t\000a\000i\000l\000e\000d\000\040\000D\000e\000s\000c\000r\000i\000p\000t\000i\000o\000n}{section.4.5}% 108
\BOOKMARK [1][-]{section.4.6}{\376\377\0004\000.\0006\000\040\000m\000o\000d\000u\000l\000e\000.\000h}{chapter.4}% 109
\BOOKMARK [1][-]{section.4.7}{\376\377\0004\000.\0007\000\040\000p\000r\000o\000c\000.\000c\000\040\000F\000i\000l\000e\000\040\000R\000e\000f\000e\000r\000e\000n\000c\000e}{chapter.4}% 110
\BOOKMARK [2][-]{subsection.4.7.1}{\376\377\0004\000.\0007\000.\0001\000\040\000D\000e\000t\000a\000i\000l\000e\000d\000\040\000D\000e\000s\000c\000r\000i\000p\000t\000i\000o\000n}{section.4.7}% 111
\BOOKMARK [2][-]{subsection.4.7.2}{\376\377\0004\000.\0007\000.\0002\000\040\000F\000u\000n\000c\000t\000i\000o\000n\000\040\000D\000o\000c\000u\000m\000e\000n\000t\000a\000t\000i\000o\000n}{section.4.7}% 112
\BOOKMARK [3][-]{subsubsection.4.7.2.1}{\376\377\0004\000.\0007\000.\0002\000.\0001\000\040\000c\000l\000e\000a\000r\000\137\000u\000m\000s\000\137\000p\000r\000o\000c\000\050\000\051}{subsection.4.7.2}% 113
\BOOKMARK [3][-]{subsubsection.4.7.2.2}{\376\377\0004\000.\0007\000.\0002\000.\0002\000\040\000P\000r\000o\000c\000\137\000U\000p\000d\000a\000t\000e\000\137\000C\000q\000\137\000C\000r\000e\000a\000t\000e\000d\000\050\000\051}{subsection.4.7.2}% 114
\BOOKMARK [3][-]{subsubsection.4.7.2.3}{\376\377\0004\000.\0007\000.\0002\000.\0003\000\040\000P\000r\000o\000c\000\137\000U\000p\000d\000a\000t\000e\000\137\000C\000q\000\137\000D\000e\000l\000e\000t\000e\000d\000\050\000\051}{subsection.4.7.2}% 115
\BOOKMARK [3][-]{subsubsection.4.7.2.4}{\376\377\0004\000.\0007\000.\0002\000.\0004\000\040\000P\000r\000o\000c\000\137\000U\000p\000d\000a\000t\000e\000\137\000U\000m\000s\000\137\000C\000r\000e\000a\000t\000e\000d\000\050\000\051}{subsection.4.7.2}% 116
\BOOKMARK [3][-]{subsubsection.4.7.2.5}{\376\377\0004\000.\0007\000.\0002\000.\0005\000\040\000P\000r\000o\000c\000\137\000U\000p\000d\000a\000t\000e\000\137\000U\000m\000s\000\137\000E\000n\000d\000e\000d\000\050\000\051}{subsection.4.7.2}% 117
\BOOKMARK [3][-]{subsubsection.4.7.2.6}{\376\377\0004\000.\0007\000.\0002\000.\0006\000\040\000P\000r\000o\000c\000\137\000U\000p\000d\000a\000t\000e\000\137\000W\000o\000r\000k\000e\000r\000\137\000A\000p\000p\000e\000n\000d\000e\000d\000\050\000\051}{subsection.4.7.2}% 118
\BOOKMARK [3][-]{subsubsection.4.7.2.7}{\376\377\0004\000.\0007\000.\0002\000.\0007\000\040\000P\000r\000o\000c\000\137\000U\000p\000d\000a\000t\000e\000\137\000W\000o\000r\000k\000e\000r\000\137\000C\000r\000e\000a\000t\000e\000d\000\050\000\051}{subsection.4.7.2}% 119
\BOOKMARK [3][-]{subsubsection.4.7.2.8}{\376\377\0004\000.\0007\000.\0002\000.\0008\000\040\000P\000r\000o\000c\000\137\000U\000p\000d\000a\000t\000e\000\137\000W\000o\000r\000k\000e\000r\000\137\000E\000n\000d\000e\000d\000\050\000\051}{subsection.4.7.2}% 120
\BOOKMARK [3][-]{subsubsection.4.7.2.9}{\376\377\0004\000.\0007\000.\0002\000.\0009\000\040\000t\000r\000y\000\137\000b\000u\000i\000l\000d\000\137\000u\000m\000s\000\137\000p\000r\000o\000c\000\050\000\051}{subsection.4.7.2}% 121
\BOOKMARK [1][-]{section.4.8}{\376\377\0004\000.\0008\000\040\000p\000r\000o\000c\000.\000h\000\040\000F\000i\000l\000e\000\040\000R\000e\000f\000e\000r\000e\000n\000c\000e}{chapter.4}% 122
\BOOKMARK [2][-]{subsection.4.8.1}{\376\377\0004\000.\0008\000.\0001\000\040\000D\000e\000t\000a\000i\000l\000e\000d\000\040\000D\000e\000s\000c\000r\000i\000p\000t\000i\000o\000n}{section.4.8}% 123
\BOOKMARK [2][-]{subsection.4.8.2}{\376\377\0004\000.\0008\000.\0002\000\040\000F\000u\000n\000c\000t\000i\000o\000n\000\040\000D\000o\000c\000u\000m\000e\000n\000t\000a\000t\000i\000o\000n}{section.4.8}% 124
\BOOKMARK [3][-]{subsubsection.4.8.2.1}{\376\377\0004\000.\0008\000.\0002\000.\0001\000\040\000c\000l\000e\000a\000r\000\137\000u\000m\000s\000\137\000p\000r\000o\000c\000\050\000\051}{subsection.4.8.2}% 125
\BOOKMARK [3][-]{subsubsection.4.8.2.2}{\376\377\0004\000.\0008\000.\0002\000.\0002\000\040\000P\000r\000o\000c\000\137\000U\000p\000d\000a\000t\000e\000\137\000C\000q\000\137\000C\000r\000e\000a\000t\000e\000d\000\050\000\051}{subsection.4.8.2}% 126
\BOOKMARK [3][-]{subsubsection.4.8.2.3}{\376\377\0004\000.\0008\000.\0002\000.\0003\000\040\000P\000r\000o\000c\000\137\000U\000p\000d\000a\000t\000e\000\137\000C\000q\000\137\000D\000e\000l\000e\000t\000e\000d\000\050\000\051}{subsection.4.8.2}% 127
\BOOKMARK [3][-]{subsubsection.4.8.2.4}{\376\377\0004\000.\0008\000.\0002\000.\0004\000\040\000P\000r\000o\000c\000\137\000U\000p\000d\000a\000t\000e\000\137\000U\000m\000s\000\137\000C\000r\000e\000a\000t\000e\000d\000\050\000\051}{subsection.4.8.2}% 128
\BOOKMARK [3][-]{subsubsection.4.8.2.5}{\376\377\0004\000.\0008\000.\0002\000.\0005\000\040\000P\000r\000o\000c\000\137\000U\000p\000d\000a\000t\000e\000\137\000U\000m\000s\000\137\000E\000n\000d\000e\000d\000\050\000\051}{subsection.4.8.2}% 129
\BOOKMARK [3][-]{subsubsection.4.8.2.6}{\376\377\0004\000.\0008\000.\0002\000.\0006\000\040\000P\000r\000o\000c\000\137\000U\000p\000d\000a\000t\000e\000\137\000W\000o\000r\000k\000e\000r\000\137\000A\000p\000p\000e\000n\000d\000e\000d\000\050\000\051}{subsection.4.8.2}% 130
\BOOKMARK [3][-]{subsubsection.4.8.2.7}{\376\377\0004\000.\0008\000.\0002\000.\0007\000\040\000P\000r\000o\000c\000\137\000U\000p\000d\000a\000t\000e\000\137\000W\000o\000r\000k\000e\000r\000\137\000C\000r\000e\000a\000t\000e\000d\000\050\000\051}{subsection.4.8.2}% 131
\BOOKMARK [3][-]{subsubsection.4.8.2.8}{\376\377\0004\000.\0008\000.\0002\000.\0008\000\040\000P\000r\000o\000c\000\137\000U\000p\000d\000a\000t\000e\000\137\000W\000o\000r\000k\000e\000r\000\137\000E\000n\000d\000e\000d\000\050\000\051}{subsection.4.8.2}% 132
\BOOKMARK [3][-]{subsubsection.4.8.2.9}{\376\377\0004\000.\0008\000.\0002\000.\0009\000\040\000t\000r\000y\000\137\000b\000u\000i\000l\000d\000\137\000u\000m\000s\000\137\000p\000r\000o\000c\000\050\000\051}{subsection.4.8.2}% 133
\BOOKMARK [1][-]{section.4.9}{\376\377\0004\000.\0009\000\040\000p\000r\000o\000c\000.\000h}{chapter.4}% 134
\BOOKMARK [1][-]{section.4.10}{\376\377\0004\000.\0001\0000\000\040\000s\000h\000a\000r\000e\000d\000.\000h\000\040\000F\000i\000l\000e\000\040\000R\000e\000f\000e\000r\000e\000n\000c\000e}{chapter.4}% 135
\BOOKMARK [2][-]{subsection.4.10.1}{\376\377\0004\000.\0001\0000\000.\0001\000\040\000D\000e\000t\000a\000i\000l\000e\000d\000\040\000D\000e\000s\000c\000r\000i\000p\000t\000i\000o\000n}{section.4.10}% 136
\BOOKMARK [1][-]{section.4.11}{\376\377\0004\000.\0001\0001\000\040\000s\000h\000a\000r\000e\000d\000.\000h}{chapter.4}% 137
\BOOKMARK [1][-]{section.4.12}{\376\377\0004\000.\0001\0002\000\040\000u\000m\000s\000.\000c\000\040\000F\000i\000l\000e\000\040\000R\000e\000f\000e\000r\000e\000n\000c\000e}{chapter.4}% 138
\BOOKMARK [2][-]{subsection.4.12.1}{\376\377\0004\000.\0001\0002\000.\0001\000\040\000D\000e\000t\000a\000i\000l\000e\000d\000\040\000D\000e\000s\000c\000r\000i\000p\000t\000i\000o\000n}{section.4.12}% 139
\BOOKMARK [2][-]{subsection.4.12.2}{\376\377\0004\000.\0001\0002\000.\0002\000\040\000F\000u\000n\000c\000t\000i\000o\000n\000\040\000D\000o\000c\000u\000m\000e\000n\000t\000a\000t\000i\000o\000n}{section.4.12}% 140
\BOOKMARK [3][-]{subsubsection.4.12.2.1}{\376\377\0004\000.\0001\0002\000.\0002\000.\0001\000\040\000a\000p\000p\000e\000n\000d\000\137\000t\000o\000\137\000c\000q\000\050\000\051}{subsection.4.12.2}% 141
\BOOKMARK [3][-]{subsubsection.4.12.2.2}{\376\377\0004\000.\0001\0002\000.\0002\000.\0002\000\040\000D\000E\000C\000L\000A\000R\000E\000\137\000B\000I\000T\000M\000A\000P\000\050\000\051}{subsection.4.12.2}% 142
\BOOKMARK [3][-]{subsubsection.4.12.2.3}{\376\377\0004\000.\0001\0002\000.\0002\000.\0003\000\040\000D\000E\000F\000I\000N\000E\000\137\000H\000A\000S\000H\000T\000A\000B\000L\000E\000\050\000\051\000\040\000[\0001\000/\0003\000]}{subsection.4.12.2}% 143
\BOOKMARK [3][-]{subsubsection.4.12.2.4}{\376\377\0004\000.\0001\0002\000.\0002\000.\0004\000\040\000D\000E\000F\000I\000N\000E\000\137\000H\000A\000S\000H\000T\000A\000B\000L\000E\000\050\000\051\000\040\000[\0002\000/\0003\000]}{subsection.4.12.2}% 144
\BOOKMARK [3][-]{subsubsection.4.12.2.5}{\376\377\0004\000.\0001\0002\000.\0002\000.\0005\000\040\000D\000E\000F\000I\000N\000E\000\137\000H\000A\000S\000H\000T\000A\000B\000L\000E\000\050\000\051\000\040\000[\0003\000/\0003\000]}{subsection.4.12.2}% 145
\BOOKMARK [3][-]{subsubsection.4.12.2.6}{\376\377\0004\000.\0001\0002\000.\0002\000.\0006\000\040\000d\000e\000q\000u\000e\000u\000e\000\137\000c\000q\000\050\000\051}{subsection.4.12.2}% 146
\BOOKMARK [3][-]{subsubsection.4.12.2.7}{\376\377\0004\000.\0001\0002\000.\0002\000.\0007\000\040\000e\000n\000d\000\137\000u\000m\000s\000\137\000s\000c\000h\000e\000d\000u\000l\000e\000r\000\050\000\051}{subsection.4.12.2}% 147
\BOOKMARK [3][-]{subsubsection.4.12.2.8}{\376\377\0004\000.\0001\0002\000.\0002\000.\0008\000\040\000e\000n\000d\000\137\000w\000o\000r\000k\000e\000r\000\137\000t\000h\000r\000e\000a\000d\000\050\000\051}{subsection.4.12.2}% 148
\BOOKMARK [2][-]{subsection.4.12.3}{\376\377\0004\000.\0001\0002\000.\0003\000\040\000I\000m\000p\000l\000e\000m\000e\000n\000t\000a\000t\000i\000o\000n}{section.4.12}% 149
\BOOKMARK [3][-]{subsubsection.4.12.3.1}{\376\377\0004\000.\0001\0002\000.\0003\000.\0001\000\040\000e\000x\000e\000c\000u\000t\000e\000\137\000w\000k\000t\000\050\000\051}{subsection.4.12.3}% 150
\BOOKMARK [2][-]{subsection.4.12.4}{\376\377\0004\000.\0001\0002\000.\0004\000\040\000I\000m\000p\000l\000e\000m\000e\000n\000t\000a\000t\000i\000o\000n}{section.4.12}% 151
\BOOKMARK [3][-]{subsubsection.4.12.4.1}{\376\377\0004\000.\0001\0002\000.\0004\000.\0001\000\040\000G\000e\000t\000\137\000U\000M\000S\000\050\000\051}{subsection.4.12.4}% 152
\BOOKMARK [3][-]{subsubsection.4.12.4.2}{\376\377\0004\000.\0001\0002\000.\0004\000.\0002\000\040\000G\000e\000t\000\137\000U\000M\000S\000\137\000f\000r\000o\000m\000\137\000W\000K\000T\000\050\000\051}{subsection.4.12.4}% 153
\BOOKMARK [3][-]{subsubsection.4.12.4.3}{\376\377\0004\000.\0001\0002\000.\0004\000.\0003\000\040\000G\000e\000t\000\137\000U\000M\000S\000\137\000I\000n\000f\000o\000\050\000\051}{subsection.4.12.4}% 154
\BOOKMARK [3][-]{subsubsection.4.12.4.4}{\376\377\0004\000.\0001\0002\000.\0004\000.\0004\000\040\000G\000e\000t\000\137\000W\000K\000T\000\050\000\051}{subsection.4.12.4}% 155
\BOOKMARK [3][-]{subsubsection.4.12.4.5}{\376\377\0004\000.\0001\0002\000.\0004\000.\0005\000\040\000G\000e\000t\000\137\000W\000K\000T\000\137\000I\000n\000f\000o\000\050\000\051}{subsection.4.12.4}% 156
\BOOKMARK [3][-]{subsubsection.4.12.4.6}{\376\377\0004\000.\0001\0002\000.\0004\000.\0006\000\040\000i\000n\000i\000t\000\137\000c\000q\000\050\000\051}{subsection.4.12.4}% 157
\BOOKMARK [2][-]{subsection.4.12.5}{\376\377\0004\000.\0001\0002\000.\0005\000\040\000I\000m\000p\000l\000e\000m\000e\000n\000t\000a\000t\000i\000o\000n}{section.4.12}% 158
\BOOKMARK [3][-]{subsubsection.4.12.5.1}{\376\377\0004\000.\0001\0002\000.\0005\000.\0001\000\040\000i\000n\000i\000t\000\137\000u\000m\000s\000\137\000s\000c\000h\000e\000d\000u\000l\000e\000r\000\050\000\051}{subsection.4.12.5}% 159
\BOOKMARK [2][-]{subsection.4.12.6}{\376\377\0004\000.\0001\0002\000.\0006\000\040\000I\000m\000p\000l\000e\000m\000e\000n\000t\000a\000t\000i\000o\000n}{section.4.12}% 160
\BOOKMARK [3][-]{subsubsection.4.12.6.1}{\376\377\0004\000.\0001\0002\000.\0006\000.\0001\000\040\000i\000n\000i\000t\000\137\000w\000o\000r\000k\000e\000r\000\137\000t\000h\000r\000e\000a\000d\000\050\000\051}{subsection.4.12.6}% 161
\BOOKMARK [2][-]{subsection.4.12.7}{\376\377\0004\000.\0001\0002\000.\0007\000\040\000I\000m\000p\000l\000e\000m\000e\000n\000t\000a\000t\000i\000o\000n}{section.4.12}% 162
\BOOKMARK [3][-]{subsubsection.4.12.7.1}{\376\377\0004\000.\0001\0002\000.\0007\000.\0001\000\040\000t\000r\000y\000\137\000b\000u\000i\000l\000d\000\137\000u\000m\000s\000\137\000c\000o\000r\000e\000\050\000\051}{subsection.4.12.7}% 163
\BOOKMARK [3][-]{subsubsection.4.12.7.2}{\376\377\0004\000.\0001\0002\000.\0007\000.\0002\000\040\000u\000m\000s\000\137\000d\000o\000\137\000u\000n\000w\000a\000i\000t\000\050\000\051}{subsection.4.12.7}% 164
\BOOKMARK [3][-]{subsubsection.4.12.7.3}{\376\377\0004\000.\0001\0002\000.\0007\000.\0003\000\040\000u\000m\000s\000\137\000d\000o\000\137\000w\000a\000i\000t\000\050\000\051}{subsection.4.12.7}% 165
\BOOKMARK [3][-]{subsubsection.4.12.7.4}{\376\377\0004\000.\0001\0002\000.\0007\000.\0004\000\040\000y\000i\000e\000l\000d\000\137\000t\000o\000\137\000u\000m\000s\000\050\000\051}{subsection.4.12.7}% 166
\BOOKMARK [2][-]{subsection.4.12.8}{\376\377\0004\000.\0001\0002\000.\0008\000\040\000I\000m\000p\000l\000e\000m\000e\000n\000t\000a\000t\000i\000o\000n}{section.4.12}% 167
\BOOKMARK [2][-]{subsection.4.12.9}{\376\377\0004\000.\0001\0002\000.\0009\000\040\000V\000a\000r\000i\000a\000b\000l\000e\000\040\000D\000o\000c\000u\000m\000e\000n\000t\000a\000t\000i\000o\000n}{section.4.12}% 168
\BOOKMARK [3][-]{subsubsection.4.12.9.1}{\376\377\0004\000.\0001\0002\000.\0009\000.\0001\000\040\000s\000t\000a\000t\000e}{subsection.4.12.9}% 169
\BOOKMARK [1][-]{section.4.13}{\376\377\0004\000.\0001\0003\000\040\000u\000m\000s\000.\000h\000\040\000F\000i\000l\000e\000\040\000R\000e\000f\000e\000r\000e\000n\000c\000e}{chapter.4}% 170
\BOOKMARK [2][-]{subsection.4.13.1}{\376\377\0004\000.\0001\0003\000.\0001\000\040\000D\000e\000t\000a\000i\000l\000e\000d\000\040\000D\000e\000s\000c\000r\000i\000p\000t\000i\000o\000n}{section.4.13}% 171
\BOOKMARK [2][-]{subsection.4.13.2}{\376\377\0004\000.\0001\0003\000.\0002\000\040\000F\000u\000n\000c\000t\000i\000o\000n\000\040\000D\000o\000c\000u\000m\000e\000n\000t\000a\000t\000i\000o\000n}{section.4.13}% 172
\BOOKMARK [3][-]{subsubsection.4.13.2.1}{\376\377\0004\000.\0001\0003\000.\0002\000.\0001\000\040\000a\000p\000p\000e\000n\000d\000\137\000t\000o\000\137\000c\000q\000\050\000\051}{subsection.4.13.2}% 173
\BOOKMARK [3][-]{subsubsection.4.13.2.2}{\376\377\0004\000.\0001\0003\000.\0002\000.\0002\000\040\000d\000e\000q\000u\000e\000u\000e\000\137\000c\000q\000\050\000\051}{subsection.4.13.2}% 174
\BOOKMARK [3][-]{subsubsection.4.13.2.3}{\376\377\0004\000.\0001\0003\000.\0002\000.\0003\000\040\000e\000n\000d\000\137\000u\000m\000s\000\137\000s\000c\000h\000e\000d\000u\000l\000e\000r\000\050\000\051}{subsection.4.13.2}% 175
\BOOKMARK [3][-]{subsubsection.4.13.2.4}{\376\377\0004\000.\0001\0003\000.\0002\000.\0004\000\040\000e\000n\000d\000\137\000w\000o\000r\000k\000e\000r\000\137\000t\000h\000r\000e\000a\000d\000\050\000\051}{subsection.4.13.2}% 176
\BOOKMARK [2][-]{subsection.4.13.3}{\376\377\0004\000.\0001\0003\000.\0003\000\040\000I\000m\000p\000l\000e\000m\000e\000n\000t\000a\000t\000i\000o\000n}{section.4.13}% 177
\BOOKMARK [3][-]{subsubsection.4.13.3.1}{\376\377\0004\000.\0001\0003\000.\0003\000.\0001\000\040\000e\000x\000e\000c\000u\000t\000e\000\137\000w\000k\000t\000\050\000\051}{subsection.4.13.3}% 178
\BOOKMARK [2][-]{subsection.4.13.4}{\376\377\0004\000.\0001\0003\000.\0004\000\040\000I\000m\000p\000l\000e\000m\000e\000n\000t\000a\000t\000i\000o\000n}{section.4.13}% 179
\BOOKMARK [3][-]{subsubsection.4.13.4.1}{\376\377\0004\000.\0001\0003\000.\0004\000.\0001\000\040\000G\000e\000t\000\137\000U\000M\000S\000\050\000\051}{subsection.4.13.4}% 180
\BOOKMARK [3][-]{subsubsection.4.13.4.2}{\376\377\0004\000.\0001\0003\000.\0004\000.\0002\000\040\000G\000e\000t\000\137\000U\000M\000S\000\137\000f\000r\000o\000m\000\137\000W\000K\000T\000\050\000\051}{subsection.4.13.4}% 181
\BOOKMARK [3][-]{subsubsection.4.13.4.3}{\376\377\0004\000.\0001\0003\000.\0004\000.\0003\000\040\000G\000e\000t\000\137\000U\000M\000S\000\137\000I\000n\000f\000o\000\050\000\051}{subsection.4.13.4}% 182
\BOOKMARK [3][-]{subsubsection.4.13.4.4}{\376\377\0004\000.\0001\0003\000.\0004\000.\0004\000\040\000G\000e\000t\000\137\000W\000K\000T\000\050\000\051}{subsection.4.13.4}% 183
\BOOKMARK [3][-]{subsubsection.4.13.4.5}{\376\377\0004\000.\0001\0003\000.\0004\000.\0005\000\040\000G\000e\000t\000\137\000W\000K\000T\000\137\000I\000n\000f\000o\000\050\000\051}{subsection.4.13.4}% 184
\BOOKMARK [3][-]{subsubsection.4.13.4.6}{\376\377\0004\000.\0001\0003\000.\0004\000.\0006\000\040\000i\000n\000i\000t\000\137\000c\000q\000\050\000\051}{subsection.4.13.4}% 185
\BOOKMARK [2][-]{subsection.4.13.5}{\376\377\0004\000.\0001\0003\000.\0005\000\040\000I\000m\000p\000l\000e\000m\000e\000n\000t\000a\000t\000i\000o\000n}{section.4.13}% 186
\BOOKMARK [3][-]{subsubsection.4.13.5.1}{\376\377\0004\000.\0001\0003\000.\0005\000.\0001\000\040\000i\000n\000i\000t\000\137\000u\000m\000s\000\137\000s\000c\000h\000e\000d\000u\000l\000e\000r\000\050\000\051}{subsection.4.13.5}% 187
\BOOKMARK [2][-]{subsection.4.13.6}{\376\377\0004\000.\0001\0003\000.\0006\000\040\000I\000m\000p\000l\000e\000m\000e\000n\000t\000a\000t\000i\000o\000n}{section.4.13}% 188
\BOOKMARK [3][-]{subsubsection.4.13.6.1}{\376\377\0004\000.\0001\0003\000.\0006\000.\0001\000\040\000i\000n\000i\000t\000\137\000w\000o\000r\000k\000e\000r\000\137\000t\000h\000r\000e\000a\000d\000\050\000\051}{subsection.4.13.6}% 189
\BOOKMARK [2][-]{subsection.4.13.7}{\376\377\0004\000.\0001\0003\000.\0007\000\040\000I\000m\000p\000l\000e\000m\000e\000n\000t\000a\000t\000i\000o\000n}{section.4.13}% 190
\BOOKMARK [3][-]{subsubsection.4.13.7.1}{\376\377\0004\000.\0001\0003\000.\0007\000.\0001\000\040\000t\000r\000y\000\137\000b\000u\000i\000l\000d\000\137\000u\000m\000s\000\137\000c\000o\000r\000e\000\050\000\051}{subsection.4.13.7}% 191
\BOOKMARK [3][-]{subsubsection.4.13.7.2}{\376\377\0004\000.\0001\0003\000.\0007\000.\0002\000\040\000u\000m\000s\000\137\000d\000o\000\137\000u\000n\000w\000a\000i\000t\000\050\000\051}{subsection.4.13.7}% 192
\BOOKMARK [3][-]{subsubsection.4.13.7.3}{\376\377\0004\000.\0001\0003\000.\0007\000.\0003\000\040\000u\000m\000s\000\137\000d\000o\000\137\000w\000a\000i\000t\000\050\000\051}{subsection.4.13.7}% 193
\BOOKMARK [3][-]{subsubsection.4.13.7.4}{\376\377\0004\000.\0001\0003\000.\0007\000.\0004\000\040\000y\000i\000e\000l\000d\000\137\000t\000o\000\137\000u\000m\000s\000\050\000\051}{subsection.4.13.7}% 194
\BOOKMARK [2][-]{subsection.4.13.8}{\376\377\0004\000.\0001\0003\000.\0008\000\040\000I\000m\000p\000l\000e\000m\000e\000n\000t\000a\000t\000i\000o\000n}{section.4.13}% 195
\BOOKMARK [1][-]{section.4.14}{\376\377\0004\000.\0001\0004\000\040\000u\000m\000s\000.\000h}{chapter.4}% 196
\BOOKMARK [1][-]{section.4.15}{\376\377\0004\000.\0001\0005\000\040\000u\000t\000i\000l\000i\000t\000y\000.\000h\000\040\000F\000i\000l\000e\000\040\000R\000e\000f\000e\000r\000e\000n\000c\000e}{chapter.4}% 197
\BOOKMARK [2][-]{subsection.4.15.1}{\376\377\0004\000.\0001\0005\000.\0001\000\040\000D\000e\000t\000a\000i\000l\000e\000d\000\040\000D\000e\000s\000c\000r\000i\000p\000t\000i\000o\000n}{section.4.15}% 198
\BOOKMARK [2][-]{subsection.4.15.2}{\376\377\0004\000.\0001\0005\000.\0002\000\040\000M\000a\000c\000r\000o\000\040\000D\000e\000f\000i\000n\000i\000t\000i\000o\000n\000\040\000D\000o\000c\000u\000m\000e\000n\000t\000a\000t\000i\000o\000n}{section.4.15}% 199
\BOOKMARK [3][-]{subsubsection.4.15.2.1}{\376\377\0004\000.\0001\0005\000.\0002\000.\0001\000\040\000a\000d\000d\000\137\000n\000e\000w\000\137\000i\000t\000e\000m\000\137\000t\000o\000\137\000h\000l\000i\000s\000t}{subsection.4.15.2}% 200
\BOOKMARK [3][-]{subsubsection.4.15.2.2}{\376\377\0004\000.\0001\0005\000.\0002\000.\0002\000\040\000a\000d\000d\000\137\000n\000e\000w\000\137\000i\000t\000e\000m\000\137\000t\000o\000\137\000l\000i\000s\000t}{subsection.4.15.2}% 201
\BOOKMARK [3][-]{subsubsection.4.15.2.3}{\376\377\0004\000.\0001\0005\000.\0002\000.\0003\000\040\000d\000e\000l\000e\000t\000e\000\137\000c\000o\000m\000p\000l\000e\000t\000i\000o\000n\000\137\000q\000u\000e\000u\000e\000\137\000d\000e\000s\000c\000r\000i\000p\000t\000o\000r}{subsection.4.15.2}% 202
\BOOKMARK [3][-]{subsubsection.4.15.2.4}{\376\377\0004\000.\0001\0005\000.\0002\000.\0004\000\040\000g\000e\000t\000\137\000h\000l\000i\000s\000t\000\137\000i\000t\000e\000m\000\137\000b\000y\000\137\000i\000d}{subsection.4.15.2}% 203
\BOOKMARK [3][-]{subsubsection.4.15.2.5}{\376\377\0004\000.\0001\0005\000.\0002\000.\0005\000\040\000r\000e\000t\000r\000i\000v\000e\000\137\000f\000r\000o\000m\000\137\000h\000l\000i\000s\000t}{subsection.4.15.2}% 204
\BOOKMARK [3][-]{subsubsection.4.15.2.6}{\376\377\0004\000.\0001\0005\000.\0002\000.\0006\000\040\000r\000e\000t\000r\000i\000v\000e\000\137\000f\000r\000o\000m\000\137\000l\000i\000s\000t}{subsection.4.15.2}% 205
\BOOKMARK [3][-]{subsubsection.4.15.2.7}{\376\377\0004\000.\0001\0005\000.\0002\000.\0007\000\040\000u\000m\000s\000\137\000d\000e\000l\000e\000t\000e\000\137\000h\000l\000i\000s\000t}{subsection.4.15.2}% 206
\BOOKMARK [3][-]{subsubsection.4.15.2.8}{\376\377\0004\000.\0001\0005\000.\0002\000.\0008\000\040\000u\000m\000s\000\137\000d\000e\000l\000e\000t\000e\000\137\000l\000i\000s\000t}{subsection.4.15.2}% 207
\BOOKMARK [1][-]{section.4.16}{\376\377\0004\000.\0001\0006\000\040\000u\000t\000i\000l\000i\000t\000y\000.\000h}{chapter.4}% 208
\BOOKMARK [0][-]{section*.33}{\376\377\000I\000n\000d\000e\000x}{}% 209
