\BOOKMARK [0][-]{chapter.1}{\376\377\0001\000\040\000D\000a\000t\000a\000\040\000S\000t\000r\000u\000c\000t\000u\000r\000e\000\040\000I\000n\000d\000e\000x}{}% 1
\BOOKMARK [1][-]{section.1.1}{\376\377\0001\000.\0001\000\040\000D\000a\000t\000a\000\040\000S\000t\000r\000u\000c\000t\000u\000r\000e\000s}{chapter.1}% 2
\BOOKMARK [0][-]{chapter.2}{\376\377\0002\000\040\000F\000i\000l\000e\000\040\000I\000n\000d\000e\000x}{}% 3
\BOOKMARK [1][-]{section.2.1}{\376\377\0002\000.\0001\000\040\000F\000i\000l\000e\000\040\000L\000i\000s\000t}{chapter.2}% 4
\BOOKMARK [0][-]{chapter.3}{\376\377\0003\000\040\000D\000a\000t\000a\000\040\000S\000t\000r\000u\000c\000t\000u\000r\000e\000\040\000D\000o\000c\000u\000m\000e\000n\000t\000a\000t\000i\000o\000n}{}% 5
\BOOKMARK [1][-]{section.3.1}{\376\377\0003\000.\0001\000\040\000b\000u\000f\000f\000\137\000c\000q\000\040\000S\000t\000r\000u\000c\000t\000\040\000R\000e\000f\000e\000r\000e\000n\000c\000e}{chapter.3}% 6
\BOOKMARK [2][-]{subsection.3.1.1}{\376\377\0003\000.\0001\000.\0001\000\040\000D\000e\000t\000a\000i\000l\000e\000d\000\040\000D\000e\000s\000c\000r\000i\000p\000t\000i\000o\000n}{section.3.1}% 7
\BOOKMARK [2][-]{subsection.3.1.2}{\376\377\0003\000.\0001\000.\0002\000\040\000F\000i\000e\000l\000d\000\040\000D\000o\000c\000u\000m\000e\000n\000t\000a\000t\000i\000o\000n}{section.3.1}% 8
\BOOKMARK [3][-]{subsubsection.3.1.2.1}{\376\377\0003\000.\0001\000.\0002\000.\0001\000\040\000p\000i\000d\000s}{subsection.3.1.2}% 9
\BOOKMARK [1][-]{section.3.2}{\376\377\0003\000.\0002\000\040\000c\000q\000\137\000l\000i\000s\000t\000\137\000i\000t\000e\000m\000\040\000S\000t\000r\000u\000c\000t\000\040\000R\000e\000f\000e\000r\000e\000n\000c\000e}{chapter.3}% 10
\BOOKMARK [2][-]{subsection.3.2.1}{\376\377\0003\000.\0002\000.\0001\000\040\000F\000i\000e\000l\000d\000\040\000D\000o\000c\000u\000m\000e\000n\000t\000a\000t\000i\000o\000n}{section.3.2}% 11
\BOOKMARK [3][-]{subsubsection.3.2.1.1}{\376\377\0003\000.\0002\000.\0001\000.\0001\000\040\000c\000q\000\137\000i\000t\000e\000m}{subsection.3.2.1}% 12
\BOOKMARK [3][-]{subsubsection.3.2.1.2}{\376\377\0003\000.\0002\000.\0001\000.\0002\000\040\000i\000d}{subsection.3.2.1}% 13
\BOOKMARK [3][-]{subsubsection.3.2.1.3}{\376\377\0003\000.\0002\000.\0001\000.\0003\000\040\000l\000i\000s\000t}{subsection.3.2.1}% 14
\BOOKMARK [3][-]{subsubsection.3.2.1.4}{\376\377\0003\000.\0002\000.\0001\000.\0004\000\040\000u\000s\000e\000d\000\137\000b\000y}{subsection.3.2.1}% 15
\BOOKMARK [1][-]{section.3.3}{\376\377\0003\000.\0003\000\040\000l\000i\000s\000t\000\137\000h\000e\000a\000d\000\040\000S\000t\000r\000u\000c\000t\000\040\000R\000e\000f\000e\000r\000e\000n\000c\000e}{chapter.3}% 16
\BOOKMARK [1][-]{section.3.4}{\376\377\0003\000.\0004\000\040\000p\000t\000h\000r\000e\000a\000d\000\137\000e\000n\000t\000r\000y\000\040\000S\000t\000r\000u\000c\000t\000\040\000R\000e\000f\000e\000r\000e\000n\000c\000e}{chapter.3}% 17
\BOOKMARK [2][-]{subsection.3.4.1}{\376\377\0003\000.\0004\000.\0001\000\040\000F\000i\000e\000l\000d\000\040\000D\000o\000c\000u\000m\000e\000n\000t\000a\000t\000i\000o\000n}{section.3.4}% 18
\BOOKMARK [3][-]{subsubsection.3.4.1.1}{\376\377\0003\000.\0004\000.\0001\000.\0001\000\040\000l\000i\000s\000t}{subsection.3.4.1}% 19
\BOOKMARK [3][-]{subsubsection.3.4.1.2}{\376\377\0003\000.\0004\000.\0001\000.\0002\000\040\000t\000i\000d}{subsection.3.4.1}% 20
\BOOKMARK [1][-]{section.3.5}{\376\377\0003\000.\0005\000\040\000u\000m\000s\000\137\000e\000n\000t\000r\000y\000\137\000i\000n\000f\000o\000\040\000S\000t\000r\000u\000c\000t\000\040\000R\000e\000f\000e\000r\000e\000n\000c\000e}{chapter.3}% 21
\BOOKMARK [2][-]{subsection.3.5.1}{\376\377\0003\000.\0005\000.\0001\000\040\000F\000i\000e\000l\000d\000\040\000D\000o\000c\000u\000m\000e\000n\000t\000a\000t\000i\000o\000n}{section.3.5}% 22
\BOOKMARK [3][-]{subsubsection.3.5.1.1}{\376\377\0003\000.\0005\000.\0001\000.\0001\000\040\000c\000q\000\137\000i\000d}{subsection.3.5.1}% 23
\BOOKMARK [3][-]{subsubsection.3.5.1.2}{\376\377\0003\000.\0005\000.\0001\000.\0002\000\040\000e\000n\000t\000r\000y}{subsection.3.5.1}% 24
\BOOKMARK [3][-]{subsubsection.3.5.1.3}{\376\377\0003\000.\0005\000.\0001\000.\0003\000\040\000o\000w\000n\000e\000r\000\137\000p\000i\000d}{subsection.3.5.1}% 25
\BOOKMARK [3][-]{subsubsection.3.5.1.4}{\376\377\0003\000.\0005\000.\0001\000.\0004\000\040\000r\000e\000t\000\137\000v\000a\000l\000u\000e}{subsection.3.5.1}% 26
\BOOKMARK [1][-]{section.3.6}{\376\377\0003\000.\0006\000\040\000u\000m\000s\000\137\000s\000c\000h\000e\000d\000u\000l\000e\000r\000\040\000S\000t\000r\000u\000c\000t\000\040\000R\000e\000f\000e\000r\000e\000n\000c\000e}{chapter.3}% 27
\BOOKMARK [1][-]{section.3.7}{\376\377\0003\000.\0007\000\040\000w\000o\000r\000k\000e\000r\000\137\000t\000h\000r\000e\000a\000d\000\137\000j\000o\000b\000\137\000i\000n\000f\000o\000\040\000S\000t\000r\000u\000c\000t\000\040\000R\000e\000f\000e\000r\000e\000n\000c\000e}{chapter.3}% 28
\BOOKMARK [2][-]{subsection.3.7.1}{\376\377\0003\000.\0007\000.\0001\000\040\000F\000i\000e\000l\000d\000\040\000D\000o\000c\000u\000m\000e\000n\000t\000a\000t\000i\000o\000n}{section.3.7}% 29
\BOOKMARK [3][-]{subsubsection.3.7.1.1}{\376\377\0003\000.\0007\000.\0001\000.\0001\000\040\000a\000r\000g\000s\000\137\000r\000o\000u\000t\000i\000n\000e}{subsection.3.7.1}% 30
\BOOKMARK [3][-]{subsubsection.3.7.1.2}{\376\377\0003\000.\0007\000.\0001\000.\0002\000\040\000j\000o\000b}{subsection.3.7.1}% 31
\BOOKMARK [3][-]{subsubsection.3.7.1.3}{\376\377\0003\000.\0007\000.\0001\000.\0003\000\040\000p\000i\000d}{subsection.3.7.1}% 32
\BOOKMARK [0][-]{chapter.4}{\376\377\0004\000\040\000F\000i\000l\000e\000\040\000D\000o\000c\000u\000m\000e\000n\000t\000a\000t\000i\000o\000n}{}% 33
\BOOKMARK [1][-]{section.4.1}{\376\377\0004\000.\0001\000\040\000l\000i\000s\000t\000.\000h\000\040\000F\000i\000l\000e\000\040\000R\000e\000f\000e\000r\000e\000n\000c\000e}{chapter.4}% 34
\BOOKMARK [2][-]{subsection.4.1.1}{\376\377\0004\000.\0001\000.\0001\000\040\000D\000e\000t\000a\000i\000l\000e\000d\000\040\000D\000e\000s\000c\000r\000i\000p\000t\000i\000o\000n}{section.4.1}% 35
\BOOKMARK [2][-]{subsection.4.1.2}{\376\377\0004\000.\0001\000.\0002\000\040\000M\000a\000c\000r\000o\000\040\000D\000e\000f\000i\000n\000i\000t\000i\000o\000n\000\040\000D\000o\000c\000u\000m\000e\000n\000t\000a\000t\000i\000o\000n}{section.4.1}% 36
\BOOKMARK [3][-]{subsubsection.4.1.2.1}{\376\377\0004\000.\0001\000.\0002\000.\0001\000\040\000c\000o\000n\000t\000a\000i\000n\000e\000r\000\137\000o\000f}{subsection.4.1.2}% 37
\BOOKMARK [3][-]{subsubsection.4.1.2.2}{\376\377\0004\000.\0001\000.\0002\000.\0002\000\040\000l\000i\000s\000t\000\137\000e\000n\000t\000r\000y}{subsection.4.1.2}% 38
\BOOKMARK [3][-]{subsubsection.4.1.2.3}{\376\377\0004\000.\0001\000.\0002\000.\0003\000\040\000l\000i\000s\000t\000\137\000e\000n\000t\000r\000y\000\137\000i\000s\000\137\000h\000e\000a\000d}{subsection.4.1.2}% 39
\BOOKMARK [3][-]{subsubsection.4.1.2.4}{\376\377\0004\000.\0001\000.\0002\000.\0004\000\040\000l\000i\000s\000t\000\137\000f\000i\000r\000s\000t\000\137\000e\000n\000t\000r\000y}{subsection.4.1.2}% 40
\BOOKMARK [3][-]{subsubsection.4.1.2.5}{\376\377\0004\000.\0001\000.\0002\000.\0005\000\040\000l\000i\000s\000t\000\137\000f\000o\000r\000\137\000e\000a\000c\000h}{subsection.4.1.2}% 41
\BOOKMARK [3][-]{subsubsection.4.1.2.6}{\376\377\0004\000.\0001\000.\0002\000.\0006\000\040\000l\000i\000s\000t\000\137\000f\000o\000r\000\137\000e\000a\000c\000h\000\137\000c\000o\000n\000t\000i\000n\000u\000e}{subsection.4.1.2}% 42
\BOOKMARK [3][-]{subsubsection.4.1.2.7}{\376\377\0004\000.\0001\000.\0002\000.\0007\000\040\000l\000i\000s\000t\000\137\000f\000o\000r\000\137\000e\000a\000c\000h\000\137\000e\000n\000t\000r\000y}{subsection.4.1.2}% 43
\BOOKMARK [3][-]{subsubsection.4.1.2.8}{\376\377\0004\000.\0001\000.\0002\000.\0008\000\040\000l\000i\000s\000t\000\137\000f\000o\000r\000\137\000e\000a\000c\000h\000\137\000e\000n\000t\000r\000y\000\137\000c\000o\000n\000t\000i\000n\000u\000e}{subsection.4.1.2}% 44
\BOOKMARK [3][-]{subsubsection.4.1.2.9}{\376\377\0004\000.\0001\000.\0002\000.\0009\000\040\000l\000i\000s\000t\000\137\000f\000o\000r\000\137\000e\000a\000c\000h\000\137\000e\000n\000t\000r\000y\000\137\000c\000o\000n\000t\000i\000n\000u\000e\000\137\000r\000e\000v\000e\000r\000s\000e}{subsection.4.1.2}% 45
\BOOKMARK [3][-]{subsubsection.4.1.2.10}{\376\377\0004\000.\0001\000.\0002\000.\0001\0000\000\040\000l\000i\000s\000t\000\137\000f\000o\000r\000\137\000e\000a\000c\000h\000\137\000e\000n\000t\000r\000y\000\137\000f\000r\000o\000m}{subsection.4.1.2}% 46
\BOOKMARK [3][-]{subsubsection.4.1.2.11}{\376\377\0004\000.\0001\000.\0002\000.\0001\0001\000\040\000l\000i\000s\000t\000\137\000f\000o\000r\000\137\000e\000a\000c\000h\000\137\000e\000n\000t\000r\000y\000\137\000f\000r\000o\000m\000\137\000r\000e\000v\000e\000r\000s\000e}{subsection.4.1.2}% 47
\BOOKMARK [3][-]{subsubsection.4.1.2.12}{\376\377\0004\000.\0001\000.\0002\000.\0001\0002\000\040\000l\000i\000s\000t\000\137\000f\000o\000r\000\137\000e\000a\000c\000h\000\137\000e\000n\000t\000r\000y\000\137\000r\000e\000v\000e\000r\000s\000e}{subsection.4.1.2}% 48
\BOOKMARK [3][-]{subsubsection.4.1.2.13}{\376\377\0004\000.\0001\000.\0002\000.\0001\0003\000\040\000l\000i\000s\000t\000\137\000f\000o\000r\000\137\000e\000a\000c\000h\000\137\000e\000n\000t\000r\000y\000\137\000s\000a\000f\000e}{subsection.4.1.2}% 49
\BOOKMARK [3][-]{subsubsection.4.1.2.14}{\376\377\0004\000.\0001\000.\0002\000.\0001\0004\000\040\000l\000i\000s\000t\000\137\000f\000o\000r\000\137\000e\000a\000c\000h\000\137\000e\000n\000t\000r\000y\000\137\000s\000a\000f\000e\000\137\000c\000o\000n\000t\000i\000n\000u\000e}{subsection.4.1.2}% 50
\BOOKMARK [3][-]{subsubsection.4.1.2.15}{\376\377\0004\000.\0001\000.\0002\000.\0001\0005\000\040\000l\000i\000s\000t\000\137\000f\000o\000r\000\137\000e\000a\000c\000h\000\137\000e\000n\000t\000r\000y\000\137\000s\000a\000f\000e\000\137\000f\000r\000o\000m}{subsection.4.1.2}% 51
\BOOKMARK [3][-]{subsubsection.4.1.2.16}{\376\377\0004\000.\0001\000.\0002\000.\0001\0006\000\040\000l\000i\000s\000t\000\137\000f\000o\000r\000\137\000e\000a\000c\000h\000\137\000e\000n\000t\000r\000y\000\137\000s\000a\000f\000e\000\137\000r\000e\000v\000e\000r\000s\000e}{subsection.4.1.2}% 52
\BOOKMARK [3][-]{subsubsection.4.1.2.17}{\376\377\0004\000.\0001\000.\0002\000.\0001\0007\000\040\000l\000i\000s\000t\000\137\000f\000o\000r\000\137\000e\000a\000c\000h\000\137\000p\000r\000e\000v}{subsection.4.1.2}% 53
\BOOKMARK [3][-]{subsubsection.4.1.2.18}{\376\377\0004\000.\0001\000.\0002\000.\0001\0008\000\040\000l\000i\000s\000t\000\137\000f\000o\000r\000\137\000e\000a\000c\000h\000\137\000p\000r\000e\000v\000\137\000s\000a\000f\000e}{subsection.4.1.2}% 54
\BOOKMARK [3][-]{subsubsection.4.1.2.19}{\376\377\0004\000.\0001\000.\0002\000.\0001\0009\000\040\000l\000i\000s\000t\000\137\000f\000o\000r\000\137\000e\000a\000c\000h\000\137\000s\000a\000f\000e}{subsection.4.1.2}% 55
\BOOKMARK [3][-]{subsubsection.4.1.2.20}{\376\377\0004\000.\0001\000.\0002\000.\0002\0000\000\040\000l\000i\000s\000t\000\137\000l\000a\000s\000t\000\137\000e\000n\000t\000r\000y}{subsection.4.1.2}% 56
\BOOKMARK [3][-]{subsubsection.4.1.2.21}{\376\377\0004\000.\0001\000.\0002\000.\0002\0001\000\040\000l\000i\000s\000t\000\137\000n\000e\000x\000t\000\137\000e\000n\000t\000r\000y}{subsection.4.1.2}% 57
\BOOKMARK [3][-]{subsubsection.4.1.2.22}{\376\377\0004\000.\0001\000.\0002\000.\0002\0002\000\040\000l\000i\000s\000t\000\137\000p\000r\000e\000p\000a\000r\000e\000\137\000e\000n\000t\000r\000y}{subsection.4.1.2}% 58
\BOOKMARK [3][-]{subsubsection.4.1.2.23}{\376\377\0004\000.\0001\000.\0002\000.\0002\0003\000\040\000l\000i\000s\000t\000\137\000p\000r\000e\000v\000\137\000e\000n\000t\000r\000y}{subsection.4.1.2}% 59
\BOOKMARK [3][-]{subsubsection.4.1.2.24}{\376\377\0004\000.\0001\000.\0002\000.\0002\0004\000\040\000l\000i\000s\000t\000\137\000s\000a\000f\000e\000\137\000r\000e\000s\000e\000t\000\137\000n\000e\000x\000t}{subsection.4.1.2}% 60
\BOOKMARK [1][-]{section.4.2}{\376\377\0004\000.\0002\000\040\000l\000i\000s\000t\000.\000h}{chapter.4}% 61
\BOOKMARK [1][-]{section.4.3}{\376\377\0004\000.\0003\000\040\000u\000m\000s\000.\000c\000\040\000F\000i\000l\000e\000\040\000R\000e\000f\000e\000r\000e\000n\000c\000e}{chapter.4}% 62
\BOOKMARK [2][-]{subsection.4.3.1}{\376\377\0004\000.\0003\000.\0001\000\040\000D\000e\000t\000a\000i\000l\000e\000d\000\040\000D\000e\000s\000c\000r\000i\000p\000t\000i\000o\000n}{section.4.3}% 63
\BOOKMARK [2][-]{subsection.4.3.2}{\376\377\0004\000.\0003\000.\0002\000\040\000F\000u\000n\000c\000t\000i\000o\000n\000\040\000D\000o\000c\000u\000m\000e\000n\000t\000a\000t\000i\000o\000n}{section.4.3}% 64
\BOOKMARK [3][-]{subsubsection.4.3.2.1}{\376\377\0004\000.\0003\000.\0002\000.\0001\000\040\000\137\000\137\000d\000e\000f\000a\000u\000l\000t\000\137\000e\000n\000t\000r\000y\000\137\000p\000o\000i\000n\000t\000\050\000\051}{subsection.4.3.2}% 65
\BOOKMARK [3][-]{subsubsection.4.3.2.2}{\376\377\0004\000.\0003\000.\0002\000.\0002\000\040\000\137\000\137\000u\000m\000s\000\137\000e\000n\000t\000r\000y\000\137\000p\000o\000i\000n\000t\000\137\000w\000r\000a\000p\000p\000e\000r\000\050\000\051}{subsection.4.3.2}% 66
\BOOKMARK [3][-]{subsubsection.4.3.2.3}{\376\377\0004\000.\0003\000.\0002\000.\0003\000\040\000A\000p\000p\000e\000n\000d\000T\000o\000C\000o\000m\000p\000l\000e\000t\000i\000o\000n\000Q\000u\000e\000u\000e\000\050\000\051}{subsection.4.3.2}% 67
\BOOKMARK [3][-]{subsubsection.4.3.2.4}{\376\377\0004\000.\0003\000.\0002\000.\0004\000\040\000C\000r\000e\000a\000t\000e\000C\000o\000m\000p\000l\000e\000t\000i\000o\000n\000Q\000u\000e\000u\000e\000\050\000\051}{subsection.4.3.2}% 68
\BOOKMARK [3][-]{subsubsection.4.3.2.5}{\376\377\0004\000.\0003\000.\0002\000.\0005\000\040\000C\000r\000e\000a\000t\000e\000N\000e\000w\000W\000o\000r\000k\000e\000r\000\050\000\051}{subsection.4.3.2}% 69
\BOOKMARK [3][-]{subsubsection.4.3.2.6}{\376\377\0004\000.\0003\000.\0002\000.\0006\000\040\000D\000e\000q\000u\000e\000u\000e\000U\000m\000s\000C\000o\000m\000p\000l\000e\000t\000i\000o\000n\000L\000i\000s\000t\000I\000t\000e\000m\000s\000\050\000\051}{subsection.4.3.2}% 70
\BOOKMARK [3][-]{subsubsection.4.3.2.7}{\376\377\0004\000.\0003\000.\0002\000.\0007\000\040\000E\000n\000t\000e\000r\000U\000m\000s\000S\000c\000h\000e\000d\000u\000l\000i\000n\000g\000M\000o\000d\000e\000\050\000\051}{subsection.4.3.2}% 71
\BOOKMARK [3][-]{subsubsection.4.3.2.8}{\376\377\0004\000.\0003\000.\0002\000.\0008\000\040\000E\000x\000e\000c\000u\000t\000e\000U\000m\000s\000T\000h\000r\000e\000a\000d\000\050\000\051}{subsection.4.3.2}% 72
\BOOKMARK [3][-]{subsubsection.4.3.2.9}{\376\377\0004\000.\0003\000.\0002\000.\0009\000\040\000E\000x\000i\000t\000F\000r\000o\000m\000U\000m\000s\000S\000c\000h\000e\000d\000u\000l\000i\000n\000g\000M\000o\000d\000e\000\050\000\051}{subsection.4.3.2}% 73
\BOOKMARK [3][-]{subsubsection.4.3.2.10}{\376\377\0004\000.\0003\000.\0002\000.\0001\0000\000\040\000F\000l\000u\000s\000h\000C\000o\000m\000p\000l\000e\000t\000i\000o\000n\000Q\000u\000e\000u\000e\000\050\000\051}{subsection.4.3.2}% 74
\BOOKMARK [3][-]{subsubsection.4.3.2.11}{\376\377\0004\000.\0003\000.\0002\000.\0001\0001\000\040\000U\000M\000S\000\137\000t\000h\000r\000e\000a\000d\000\137\000c\000r\000e\000a\000t\000e\000\050\000\051}{subsection.4.3.2}% 75
\BOOKMARK [3][-]{subsubsection.4.3.2.12}{\376\377\0004\000.\0003\000.\0002\000.\0001\0002\000\040\000U\000m\000s\000T\000h\000r\000e\000a\000d\000Y\000i\000e\000l\000d\000\050\000\051}{subsection.4.3.2}% 76
\BOOKMARK [1][-]{section.4.4}{\376\377\0004\000.\0004\000\040\000u\000m\000s\000.\000h\000\040\000F\000i\000l\000e\000\040\000R\000e\000f\000e\000r\000e\000n\000c\000e}{chapter.4}% 77
\BOOKMARK [2][-]{subsection.4.4.1}{\376\377\0004\000.\0004\000.\0001\000\040\000D\000e\000t\000a\000i\000l\000e\000d\000\040\000D\000e\000s\000c\000r\000i\000p\000t\000i\000o\000n}{section.4.4}% 78
\BOOKMARK [2][-]{subsection.4.4.2}{\376\377\0004\000.\0004\000.\0002\000\040\000M\000a\000c\000r\000o\000\040\000D\000e\000f\000i\000n\000i\000t\000i\000o\000n\000\040\000D\000o\000c\000u\000m\000e\000n\000t\000a\000t\000i\000o\000n}{section.4.4}% 79
\BOOKMARK [3][-]{subsubsection.4.4.2.1}{\376\377\0004\000.\0004\000.\0002\000.\0001\000\040\000I\000N\000I\000T\000\137\000U\000M\000S\000\137\000E\000N\000T\000R\000Y\000\137\000S\000T\000R\000U\000C\000T}{subsection.4.4.2}% 80
\BOOKMARK [2][-]{subsection.4.4.3}{\376\377\0004\000.\0004\000.\0003\000\040\000F\000u\000n\000c\000t\000i\000o\000n\000\040\000D\000o\000c\000u\000m\000e\000n\000t\000a\000t\000i\000o\000n}{section.4.4}% 81
\BOOKMARK [3][-]{subsubsection.4.4.3.1}{\376\377\0004\000.\0004\000.\0003\000.\0001\000\040\000A\000p\000p\000e\000n\000d\000T\000o\000C\000o\000m\000p\000l\000e\000t\000i\000o\000n\000Q\000u\000e\000u\000e\000\050\000\051}{subsection.4.4.3}% 82
\BOOKMARK [3][-]{subsubsection.4.4.3.2}{\376\377\0004\000.\0004\000.\0003\000.\0002\000\040\000C\000r\000e\000a\000t\000e\000C\000o\000m\000p\000l\000e\000t\000i\000o\000n\000Q\000u\000e\000u\000e\000\050\000\051}{subsection.4.4.3}% 83
\BOOKMARK [3][-]{subsubsection.4.4.3.3}{\376\377\0004\000.\0004\000.\0003\000.\0003\000\040\000C\000r\000e\000a\000t\000e\000N\000e\000w\000W\000o\000r\000k\000e\000r\000\050\000\051}{subsection.4.4.3}% 84
\BOOKMARK [3][-]{subsubsection.4.4.3.4}{\376\377\0004\000.\0004\000.\0003\000.\0004\000\040\000D\000e\000q\000u\000e\000u\000e\000U\000m\000s\000C\000o\000m\000p\000l\000e\000t\000i\000o\000n\000L\000i\000s\000t\000I\000t\000e\000m\000s\000\050\000\051}{subsection.4.4.3}% 85
\BOOKMARK [3][-]{subsubsection.4.4.3.5}{\376\377\0004\000.\0004\000.\0003\000.\0005\000\040\000E\000n\000t\000e\000r\000U\000m\000s\000S\000c\000h\000e\000d\000u\000l\000i\000n\000g\000M\000o\000d\000e\000\050\000\051}{subsection.4.4.3}% 86
\BOOKMARK [3][-]{subsubsection.4.4.3.6}{\376\377\0004\000.\0004\000.\0003\000.\0006\000\040\000E\000x\000e\000c\000u\000t\000e\000U\000m\000s\000T\000h\000r\000e\000a\000d\000\050\000\051}{subsection.4.4.3}% 87
\BOOKMARK [3][-]{subsubsection.4.4.3.7}{\376\377\0004\000.\0004\000.\0003\000.\0007\000\040\000E\000x\000i\000t\000F\000r\000o\000m\000U\000m\000s\000S\000c\000h\000e\000d\000u\000l\000i\000n\000g\000M\000o\000d\000e\000\050\000\051}{subsection.4.4.3}% 88
\BOOKMARK [3][-]{subsubsection.4.4.3.8}{\376\377\0004\000.\0004\000.\0003\000.\0008\000\040\000F\000l\000u\000s\000h\000C\000o\000m\000p\000l\000e\000t\000i\000o\000n\000Q\000u\000e\000u\000e\000\050\000\051}{subsection.4.4.3}% 89
\BOOKMARK [3][-]{subsubsection.4.4.3.9}{\376\377\0004\000.\0004\000.\0003\000.\0009\000\040\000U\000M\000S\000\137\000t\000h\000r\000e\000a\000d\000\137\000c\000r\000e\000a\000t\000e\000\050\000\051}{subsection.4.4.3}% 90
\BOOKMARK [3][-]{subsubsection.4.4.3.10}{\376\377\0004\000.\0004\000.\0003\000.\0001\0000\000\040\000U\000m\000s\000T\000h\000r\000e\000a\000d\000Y\000i\000e\000l\000d\000\050\000\051}{subsection.4.4.3}% 91
\BOOKMARK [1][-]{section.4.5}{\376\377\0004\000.\0005\000\040\000u\000m\000s\000.\000h}{chapter.4}% 92
\BOOKMARK [0][-]{section*.16}{\376\377\000I\000n\000d\000e\000x}{}% 93
